/home/arpsuser/arpsinput/d1/src/KILI_D1_01.sh: line 164: /home/arpsuser/arpsinput/d1/src/date.input: Datei oder Verzeichnis nicht gefunden
You are using the following 36 CPUs
arps1 slots=4 max_slots=4
arps3  slots=4 max_slots=4
arps5  slots=4 max_slots=4
arps6  slots=4 max_slots=4
arps7  slots=4 max_slots=4
arps8  slots=4 max_slots=4
arps9  slots=4 max_slots=4
arps10  slots=4 max_slots=4
arps12  slots=4 max_slots=4

d1
arpsinput
arpsinput
kili_d1 setup finished: - simulation with process number 3126 started
/home/arpsuser/arpsinput/d1/src/run_sim.sh: line 42: /home/arpsuser//d1/src/./post_run.sh: Datei oder Verzeichnis nicht gefunden


     ###############################################################
     ###############################################################
     #####                                                     #####
     #####                      Welcome to                     #####
     #####                                                     #####
     #####   The Advanced Regional Prediction System  (ARPS)   #####
     #####                                                     #####
     #####                     Version 5.3                     #####
     #####                                                     #####
     #####                     Developed by                    #####
     #####     Center for Analysis and Prediction of Storms    #####
     #####                University of Oklahoma               #####
     #####                                                     #####
     ###############################################################
     ###############################################################


     The model begins by reading a number of control parameters,
     which are specified in namelist format through the standard
     input stream (unit 5).  See the ARPS Users Guide and the
     sample input file, arps.input, for guidance on specifying
     these parameters

     At the end of all parameter input, a log file is produced
     which can be directly used as the input file when you want
     to replicate the same job. This file is named runnam.log.nn
     where runnam is a standard prefix for all output files that
     are produced by this job and nn is a number appended to the
     file name when file runnam.log.nn-1 already exists.

 WARNING: namelist file - /home/arpsuser/arpsinput/d1/d1_arp.input does not exist. Falling back to standard input.
 Waiting namelist from standard input ... 
 ========================================

 Error reading NAMELIST file. Default values used
 ERROR: please check namelist file.
--------------------------------------------------------------------------
MPI_ABORT was invoked on rank 0 in communicator MPI_COMM_WORLD 
with errorcode 1.

NOTE: invoking MPI_ABORT causes Open MPI to kill all MPI processes.
You may or may not see output from other processes, depending on
exactly when Open MPI kills them.
--------------------------------------------------------------------------
--------------------------------------------------------------------------
mpirun has exited due to process rank 0 with PID 30188 on
node arps1 exiting improperly. There are two reasons this could occur:

1. this process did not call "init" before exiting, but others in
the job did. This can cause a job to hang indefinitely while it waits
for all processes to call "init". By rule, if one process calls "init",
then ALL processes must call "init" prior to termination.

2. this process called "init", but exited without calling "finalize".
By rule, all processes that call "init" MUST call "finalize" prior to
exiting or it will be considered an "abnormal termination"

This may have caused other processes in the application to be
terminated by signals sent by mpirun (as reported here).
--------------------------------------------------------------------------
